<?xml version="1.0" encoding="UTF-8"?>
<!-- Generated by org.testng.reporters.JUnitXMLReporter -->
<testsuite hostname="LAPTOP-OFIJ2E99" ignored="0" name="CRM automation Test" tests="16" failures="0" timestamp="2019-08-17T01:15:49 EDT" time="158.916" errors="0">
  <testcase name="verifyhomePageTitleTest" time="0.017" classname="com.crm.qa.tests.CRMHomePageTest"/>
  <testcase name="verifycorrectUserNameTest" time="0.146" classname="com.crm.qa.tests.CRMHomePageTest"/>
  <testcase name="clickOnContactLinkTest" time="0.856" classname="com.crm.qa.tests.CRMHomePageTest"/>
  <testcase name="clickOnDealsLinkTest" time="0.864" classname="com.crm.qa.tests.CRMHomePageTest"/>
  <testcase name="clickOntasksLinkTest" time="0.924" classname="com.crm.qa.tests.CRMHomePageTest"/>
  <testcase name="clickOnCasesLinkTest" time="0.972" classname="com.crm.qa.tests.CRMHomePageTest"/>
  <testcase name="verifycrmloginPageTitleTest" time="0.056" classname="com.crm.qa.tests.CRMLoginPageTest"/>
  <testcase name="verifycrmLogoTest" time="0.234" classname="com.crm.qa.tests.CRMLoginPageTest"/>
  <testcase name="clickonSignupBtn" time="0.732" classname="com.crm.qa.tests.CRMLoginPageTest"/>
  <testcase name="clickOnLoginBtn" time="2.524" classname="com.crm.qa.tests.CRMLoginPageTest"/>
  <testcase name="verifyNewtaskTextTest" time="0.043" classname="com.crm.qa.tests.CRMTasksPageTest"/>
  <testcase name="verifyshowtaskTextTest" time="0.044" classname="com.crm.qa.tests.CRMTasksPageTest"/>
  <testcase name="clickOntasksLinkTest" time="0.691" classname="com.crm.qa.tests.CRMTasksPageTest"/>
  <testcase name="createNewtasksTest" time="2.657" classname="com.crm.qa.tests.CRMTasksPageTest"/>
  <testcase name="createNewtasksTest" time="2.705" classname="com.crm.qa.tests.CRMTasksPageTest"/>
  <testcase name="createNewtasksTest" time="2.662" classname="com.crm.qa.tests.CRMTasksPageTest"/>
</testsuite> <!-- CRM automation Test -->
